{"D:\\jcwork\\zip\\zip\\jest\\jest-study\\bund\\bund.js": {"path":"D:\\jcwork\\zip\\zip\\jest\\jest-study\\bund\\bund.js","statementMap":{"0":{"start":{"line":2,"column":4},"end":{"line":2,"column":35}},"1":{"start":{"line":6,"column":4},"end":{"line":6,"column":30}},"2":{"start":{"line":9,"column":0},"end":{"line":12,"column":1}}},"fnMap":{"0":{"name":"bund1","decl":{"start":{"line":1,"column":9},"end":{"line":1,"column":14}},"loc":{"start":{"line":1,"column":18},"end":{"line":3,"column":1}},"line":1},"1":{"name":"bund2","decl":{"start":{"line":5,"column":9},"end":{"line":5,"column":14}},"loc":{"start":{"line":5,"column":18},"end":{"line":7,"column":1}},"line":5}},"branchMap":{"0":{"loc":{"start":{"line":2,"column":11},"end":{"line":2,"column":35}},"type":"cond-expr","locations":[{"start":{"line":2,"column":21},"end":{"line":2,"column":26}},{"start":{"line":2,"column":29},"end":{"line":2,"column":35}}],"line":2},"1":{"loc":{"start":{"line":6,"column":11},"end":{"line":6,"column":30}},"type":"cond-expr","locations":[{"start":{"line":6,"column":19},"end":{"line":6,"column":23}},{"start":{"line":6,"column":26},"end":{"line":6,"column":30}}],"line":6}},"s":{"0":1,"1":1,"2":1},"f":{"0":1,"1":1},"b":{"0":[1,0],"1":[0,1]},"_coverageSchema":"43e27e138ebf9cfc5966b082cf9a028302ed4184","hash":"0c93824066d3d1725b646831109eb83308f26b74"}
}
